Start testing: May 08 13:08 IST
----------------------------------------------------------
1/6 Testing: test_hello
1/6 Test: test_hello
Command: "/Users/abhigyansinha/CVM++/build/cvm" "/Users/abhigyansinha/CVM++/tests/hello.cvm"
Directory: /Users/abhigyansinha/CVM++/build
"test_hello" start time: May 08 13:08 IST
Output:
----------------------------------------------------------
42
true
<end of output>
Test time =   0.02 sec
----------------------------------------------------------
Test Passed.
"test_hello" end time: May 08 13:08 IST
"test_hello" time elapsed: 00:00:00
----------------------------------------------------------

2/6 Testing: test_arithmetic
2/6 Test: test_arithmetic
Command: "/Users/abhigyansinha/CVM++/build/cvm" "/Users/abhigyansinha/CVM++/tests/arithmetic.cvm"
Directory: /Users/abhigyansinha/CVM++/build
"test_arithmetic" start time: May 08 13:08 IST
Output:
----------------------------------------------------------
13
7
30
3
91
14
11
<end of output>
Test time =   0.01 sec
----------------------------------------------------------
Test Passed.
"test_arithmetic" end time: May 08 13:08 IST
"test_arithmetic" time elapsed: 00:00:00
----------------------------------------------------------

3/6 Testing: test_factorial
3/6 Test: test_factorial
Command: "/Users/abhigyansinha/CVM++/build/cvm" "/Users/abhigyansinha/CVM++/tests/factorial.cvm"
Directory: /Users/abhigyansinha/CVM++/build
"test_factorial" start time: May 08 13:08 IST
Output:
----------------------------------------------------------
5040
true
<end of output>
Test time =   0.01 sec
----------------------------------------------------------
Test Passed.
"test_factorial" end time: May 08 13:08 IST
"test_factorial" time elapsed: 00:00:00
----------------------------------------------------------

4/6 Testing: test_fibonacci
4/6 Test: test_fibonacci
Command: "/Users/abhigyansinha/CVM++/build/cvm" "/Users/abhigyansinha/CVM++/tests/fibonacci.cvm"
Directory: /Users/abhigyansinha/CVM++/build
"test_fibonacci" start time: May 08 13:08 IST
Output:
----------------------------------------------------------
0
1
1
2
3
5
8
13
21
34
<end of output>
Test time =   0.01 sec
----------------------------------------------------------
Test Passed.
"test_fibonacci" end time: May 08 13:08 IST
"test_fibonacci" time elapsed: 00:00:00
----------------------------------------------------------

5/6 Testing: test_fizzbuzz
5/6 Test: test_fizzbuzz
Command: "/Users/abhigyansinha/CVM++/build/cvm" "/Users/abhigyansinha/CVM++/tests/fizzbuzz.cvm"
Directory: /Users/abhigyansinha/CVM++/build
"test_fizzbuzz" start time: May 08 13:08 IST
Output:
----------------------------------------------------------
1
2
1
4
2
1
7
8
1
2
11
1
13
14
0
16
17
1
19
2
<end of output>
Test time =   0.02 sec
----------------------------------------------------------
Test Passed.
"test_fizzbuzz" end time: May 08 13:08 IST
"test_fizzbuzz" time elapsed: 00:00:00
----------------------------------------------------------

6/6 Testing: test_booleans
6/6 Test: test_booleans
Command: "/Users/abhigyansinha/CVM++/build/cvm" "/Users/abhigyansinha/CVM++/tests/booleans.cvm"
Directory: /Users/abhigyansinha/CVM++/build
"test_booleans" start time: May 08 13:08 IST
Output:
----------------------------------------------------------
true
false
true
true
false
true
false
true
false
1
100
5
<end of output>
Test time =   0.02 sec
----------------------------------------------------------
Test Passed.
"test_booleans" end time: May 08 13:08 IST
"test_booleans" time elapsed: 00:00:00
----------------------------------------------------------

End testing: May 08 13:08 IST
